{"/Users/makdasebhatu/Desktop/koi/koi_tools/src/common.ts": {"path":"/Users/makdasebhatu/Desktop/koi/koi_tools/src/common.ts","statementMap":{"0":{"start":{"line":1,"column":0},"end":{"line":1,"column":45}},"1":{"start":{"line":2,"column":0},"end":{"line":2,"column":30}},"2":{"start":{"line":4,"column":0},"end":{"line":4,"column":55}},"3":{"start":{"line":6,"column":0},"end":{"line":6,"column":40}},"4":{"start":{"line":7,"column":0},"end":{"line":7,"column":36}},"5":{"start":{"line":10,"column":0},"end":{"line":10,"column":76}},"6":{"start":{"line":11,"column":0},"end":{"line":11,"column":40}},"7":{"start":{"line":26,"column":13},"end":{"line":26,"column":74}},"8":{"start":{"line":27,"column":13},"end":{"line":27,"column":60}},"9":{"start":{"line":28,"column":13},"end":{"line":28,"column":63}},"10":{"start":{"line":29,"column":13},"end":{"line":29,"column":68}},"11":{"start":{"line":31,"column":13},"end":{"line":35,"column":3}},"12":{"start":{"line":42,"column":2},"end":{"line":42,"column":47}},"13":{"start":{"line":43,"column":2},"end":{"line":43,"column":33}},"14":{"start":{"line":48,"column":4},"end":{"line":51,"column":6}},"15":{"start":{"line":60,"column":4},"end":{"line":63,"column":50}},"16":{"start":{"line":61,"column":6},"end":{"line":61,"column":48}},"17":{"start":{"line":62,"column":6},"end":{"line":62,"column":53}},"18":{"start":{"line":63,"column":11},"end":{"line":63,"column":50}},"19":{"start":{"line":65,"column":4},"end":{"line":65,"column":53}},"20":{"start":{"line":65,"column":14},"end":{"line":65,"column":53}},"21":{"start":{"line":67,"column":4},"end":{"line":67,"column":29}},"22":{"start":{"line":68,"column":4},"end":{"line":68,"column":22}},"23":{"start":{"line":69,"column":4},"end":{"line":69,"column":34}},"24":{"start":{"line":70,"column":4},"end":{"line":70,"column":16}},"25":{"start":{"line":78,"column":4},"end":{"line":84,"column":null}},"26":{"start":{"line":80,"column":8},"end":{"line":80,"column":61}},"27":{"start":{"line":81,"column":8},"end":{"line":81,"column":14}},"28":{"start":{"line":83,"column":8},"end":{"line":83,"column":45}},"29":{"start":{"line":86,"column":4},"end":{"line":86,"column":34}},"30":{"start":{"line":87,"column":4},"end":{"line":87,"column":23}},"31":{"start":{"line":96,"column":4},"end":{"line":96,"column":52}},"32":{"start":{"line":96,"column":23},"end":{"line":96,"column":52}},"33":{"start":{"line":97,"column":4},"end":{"line":97,"column":24}},"34":{"start":{"line":105,"column":4},"end":{"line":108,"column":19}},"35":{"start":{"line":106,"column":6},"end":{"line":108,"column":19}},"36":{"start":{"line":109,"column":4},"end":{"line":109,"column":24}},"37":{"start":{"line":117,"column":4},"end":{"line":117,"column":70}},"38":{"start":{"line":117,"column":22},"end":{"line":117,"column":70}},"39":{"start":{"line":125,"column":18},"end":{"line":125,"column":63}},"40":{"start":{"line":126,"column":4},"end":{"line":127,"column":47}},"41":{"start":{"line":127,"column":6},"end":{"line":127,"column":47}},"42":{"start":{"line":128,"column":4},"end":{"line":128,"column":13}},"43":{"start":{"line":135,"column":4},"end":{"line":135,"column":32}},"44":{"start":{"line":144,"column":4},"end":{"line":144,"column":40}},"45":{"start":{"line":152,"column":17},"end":{"line":152,"column":42}},"46":{"start":{"line":153,"column":4},"end":{"line":153,"column":28}},"47":{"start":{"line":162,"column":4},"end":{"line":162,"column":50}},"48":{"start":{"line":171,"column":4},"end":{"line":175,"column":null}},"49":{"start":{"line":172,"column":6},"end":{"line":174,"column":8}},"50":{"start":{"line":177,"column":4},"end":{"line":177,"column":38}},"51":{"start":{"line":187,"column":4},"end":{"line":188,"column":65}},"52":{"start":{"line":188,"column":6},"end":{"line":188,"column":65}},"53":{"start":{"line":189,"column":18},"end":{"line":192,"column":6}},"54":{"start":{"line":194,"column":4},"end":{"line":194,"column":38}},"55":{"start":{"line":203,"column":4},"end":{"line":204,"column":65}},"56":{"start":{"line":204,"column":6},"end":{"line":204,"column":65}},"57":{"start":{"line":205,"column":18},"end":{"line":208,"column":6}},"58":{"start":{"line":210,"column":4},"end":{"line":210,"column":38}},"59":{"start":{"line":220,"column":18},"end":{"line":224,"column":6}},"60":{"start":{"line":226,"column":4},"end":{"line":226,"column":38}},"61":{"start":{"line":235,"column":18},"end":{"line":239,"column":6}},"62":{"start":{"line":241,"column":4},"end":{"line":241,"column":38}},"63":{"start":{"line":251,"column":18},"end":{"line":255,"column":6}},"64":{"start":{"line":257,"column":4},"end":{"line":257,"column":38}},"65":{"start":{"line":266,"column":4},"end":{"line":266,"column":42}},"66":{"start":{"line":275,"column":4},"end":{"line":275,"column":47}},"67":{"start":{"line":275,"column":35},"end":{"line":275,"column":47}},"68":{"start":{"line":276,"column":16},"end":{"line":276,"column":27}},"69":{"start":{"line":277,"column":26},"end":{"line":277,"column":31}},"70":{"start":{"line":278,"column":25},"end":{"line":278,"column":53}},"71":{"start":{"line":279,"column":25},"end":{"line":279,"column":66}},"72":{"start":{"line":280,"column":25},"end":{"line":280,"column":69}},"73":{"start":{"line":281,"column":4},"end":{"line":281,"column":66}},"74":{"start":{"line":282,"column":4},"end":{"line":282,"column":34}},"75":{"start":{"line":283,"column":4},"end":{"line":283,"column":19}},"76":{"start":{"line":292,"column":25},"end":{"line":292,"column":71}},"77":{"start":{"line":293,"column":25},"end":{"line":293,"column":53}},"78":{"start":{"line":294,"column":25},"end":{"line":294,"column":66}},"79":{"start":{"line":295,"column":4},"end":{"line":299,"column":6}},"80":{"start":{"line":309,"column":19},"end":{"line":309,"column":30}},"81":{"start":{"line":310,"column":24},"end":{"line":314,"column":null}},"82":{"start":{"line":318,"column":4},"end":{"line":318,"column":57}},"83":{"start":{"line":319,"column":17},"end":{"line":319,"column":31}},"84":{"start":{"line":322,"column":21},"end":{"line":322,"column":65}},"85":{"start":{"line":324,"column":4},"end":{"line":324,"column":45}},"86":{"start":{"line":324,"column":33},"end":{"line":324,"column":45}},"87":{"start":{"line":326,"column":4},"end":{"line":326,"column":16}},"88":{"start":{"line":335,"column":18},"end":{"line":339,"column":6}},"89":{"start":{"line":341,"column":4},"end":{"line":341,"column":67}},"90":{"start":{"line":341,"column":31},"end":{"line":341,"column":65}},"91":{"start":{"line":353,"column":25},"end":{"line":353,"column":67}},"92":{"start":{"line":355,"column":4},"end":{"line":384,"column":null}},"93":{"start":{"line":356,"column":23},"end":{"line":356,"column":59}},"94":{"start":{"line":357,"column":27},"end":{"line":363,"column":8}},"95":{"start":{"line":365,"column":6},"end":{"line":380,"column":9}},"96":{"start":{"line":366,"column":27},"end":{"line":366,"column":42}},"97":{"start":{"line":368,"column":8},"end":{"line":379,"column":null}},"98":{"start":{"line":369,"column":10},"end":{"line":378,"column":null}},"99":{"start":{"line":370,"column":12},"end":{"line":372,"column":null}},"100":{"start":{"line":371,"column":14},"end":{"line":371,"column":71}},"101":{"start":{"line":374,"column":39},"end":{"line":374,"column":61}},"102":{"start":{"line":375,"column":12},"end":{"line":375,"column":63}},"103":{"start":{"line":376,"column":33},"end":{"line":376,"column":77}},"104":{"start":{"line":377,"column":12},"end":{"line":377,"column":53}},"105":{"start":{"line":381,"column":6},"end":{"line":381,"column":26}},"106":{"start":{"line":383,"column":6},"end":{"line":383,"column":18}},"107":{"start":{"line":392,"column":24},"end":{"line":392,"column":56}},"108":{"start":{"line":393,"column":4},"end":{"line":395,"column":7}},"109":{"start":{"line":394,"column":6},"end":{"line":394,"column":41}},"110":{"start":{"line":396,"column":4},"end":{"line":396,"column":23}},"111":{"start":{"line":407,"column":19},"end":{"line":407,"column":73}},"112":{"start":{"line":409,"column":4},"end":{"line":409,"column":74}},"113":{"start":{"line":418,"column":19},"end":{"line":418,"column":20}},"114":{"start":{"line":419,"column":18},"end":{"line":419,"column":35}},"115":{"start":{"line":421,"column":4},"end":{"line":428,"column":null}},"116":{"start":{"line":422,"column":28},"end":{"line":422,"column":55}},"117":{"start":{"line":423,"column":6},"end":{"line":425,"column":55}},"118":{"start":{"line":424,"column":8},"end":{"line":424,"column":50}},"119":{"start":{"line":425,"column":13},"end":{"line":425,"column":55}},"120":{"start":{"line":427,"column":6},"end":{"line":427,"column":51}},"121":{"start":{"line":429,"column":4},"end":{"line":429,"column":58}},"122":{"start":{"line":439,"column":17},"end":{"line":441,"column":null}},"123":{"start":{"line":443,"column":4},"end":{"line":443,"column":25}},"124":{"start":{"line":452,"column":20},"end":{"line":455,"column":null}},"125":{"start":{"line":459,"column":23},"end":{"line":459,"column":78}},"126":{"start":{"line":460,"column":4},"end":{"line":460,"column":26}},"127":{"start":{"line":461,"column":4},"end":{"line":461,"column":30}},"128":{"start":{"line":462,"column":4},"end":{"line":462,"column":22}},"129":{"start":{"line":470,"column":18},"end":{"line":470,"column":47}},"130":{"start":{"line":471,"column":28},"end":{"line":471,"column":50}},"131":{"start":{"line":472,"column":20},"end":{"line":472,"column":48}},"132":{"start":{"line":473,"column":32},"end":{"line":474,"column":null}},"133":{"start":{"line":474,"column":6},"end":{"line":474,"column":35}},"134":{"start":{"line":477,"column":21},"end":{"line":477,"column":59}},"135":{"start":{"line":478,"column":19},"end":{"line":478,"column":63}},"136":{"start":{"line":478,"column":44},"end":{"line":478,"column":62}},"137":{"start":{"line":479,"column":18},"end":{"line":479,"column":48}},"138":{"start":{"line":479,"column":38},"end":{"line":479,"column":47}},"139":{"start":{"line":481,"column":4},"end":{"line":481,"column":17}},"140":{"start":{"line":40,"column":0},"end":{"line":40,"column":13}},"141":{"start":{"line":491,"column":2},"end":{"line":491,"column":25}},"142":{"start":{"line":490,"column":0},"end":{"line":490,"column":16}},"143":{"start":{"line":499,"column":2},"end":{"line":499,"column":38}},"144":{"start":{"line":502,"column":0},"end":{"line":502,"column":70}}},"fnMap":{"0":{"name":"(anonymous_7)","decl":{"start":{"line":47,"column":2},"end":{"line":47,"column":null}},"loc":{"start":{"line":47,"column":2},"end":{"line":52,"column":3}}},"1":{"name":"(anonymous_8)","decl":{"start":{"line":58,"column":2},"end":{"line":58,"column":7}},"loc":{"start":{"line":58,"column":43},"end":{"line":71,"column":3}}},"2":{"name":"(anonymous_9)","decl":{"start":{"line":77,"column":2},"end":{"line":77,"column":7}},"loc":{"start":{"line":77,"column":30},"end":{"line":88,"column":3}}},"3":{"name":"(anonymous_10)","decl":{"start":{"line":95,"column":2},"end":{"line":95,"column":11}},"loc":{"start":{"line":95,"column":33},"end":{"line":98,"column":3}}},"4":{"name":"(anonymous_11)","decl":{"start":{"line":104,"column":2},"end":{"line":104,"column":7}},"loc":{"start":{"line":104,"column":24},"end":{"line":110,"column":3}}},"5":{"name":"(anonymous_12)","decl":{"start":{"line":116,"column":2},"end":{"line":116,"column":18}},"loc":{"start":{"line":116,"column":18},"end":{"line":118,"column":3}}},"6":{"name":"(anonymous_13)","decl":{"start":{"line":124,"column":2},"end":{"line":124,"column":7}},"loc":{"start":{"line":124,"column":21},"end":{"line":129,"column":3}}},"7":{"name":"(anonymous_14)","decl":{"start":{"line":134,"column":2},"end":{"line":134,"column":18}},"loc":{"start":{"line":134,"column":18},"end":{"line":136,"column":3}}},"8":{"name":"(anonymous_15)","decl":{"start":{"line":143,"column":2},"end":{"line":143,"column":7}},"loc":{"start":{"line":143,"column":33},"end":{"line":145,"column":3}}},"9":{"name":"(anonymous_16)","decl":{"start":{"line":151,"column":2},"end":{"line":151,"column":7}},"loc":{"start":{"line":151,"column":22},"end":{"line":154,"column":3}}},"10":{"name":"(anonymous_17)","decl":{"start":{"line":161,"column":2},"end":{"line":161,"column":7}},"loc":{"start":{"line":161,"column":33},"end":{"line":163,"column":3}}},"11":{"name":"(anonymous_18)","decl":{"start":{"line":170,"column":2},"end":{"line":170,"column":16}},"loc":{"start":{"line":170,"column":44},"end":{"line":179,"column":3}}},"12":{"name":"(anonymous_19)","decl":{"start":{"line":186,"column":2},"end":{"line":186,"column":7}},"loc":{"start":{"line":186,"column":19},"end":{"line":195,"column":3}}},"13":{"name":"(anonymous_20)","decl":{"start":{"line":202,"column":2},"end":{"line":202,"column":10}},"loc":{"start":{"line":202,"column":22},"end":{"line":211,"column":3}}},"14":{"name":"(anonymous_21)","decl":{"start":{"line":219,"column":2},"end":{"line":219,"column":10}},"loc":{"start":{"line":219,"column":38},"end":{"line":227,"column":3}}},"15":{"name":"(anonymous_22)","decl":{"start":{"line":234,"column":2},"end":{"line":234,"column":6}},"loc":{"start":{"line":234,"column":15},"end":{"line":242,"column":3}}},"16":{"name":"(anonymous_23)","decl":{"start":{"line":250,"column":2},"end":{"line":250,"column":14}},"loc":{"start":{"line":250,"column":41},"end":{"line":258,"column":3}}},"17":{"name":"(anonymous_24)","decl":{"start":{"line":265,"column":2},"end":{"line":265,"column":20}},"loc":{"start":{"line":265,"column":33},"end":{"line":267,"column":3}}},"18":{"name":"(anonymous_25)","decl":{"start":{"line":274,"column":2},"end":{"line":274,"column":7}},"loc":{"start":{"line":274,"column":43},"end":{"line":284,"column":3}}},"19":{"name":"(anonymous_26)","decl":{"start":{"line":291,"column":2},"end":{"line":291,"column":7}},"loc":{"start":{"line":291,"column":36},"end":{"line":300,"column":3}}},"20":{"name":"(anonymous_27)","decl":{"start":{"line":307,"column":2},"end":{"line":307,"column":7}},"loc":{"start":{"line":307,"column":26},"end":{"line":327,"column":3}}},"21":{"name":"(anonymous_28)","decl":{"start":{"line":334,"column":2},"end":{"line":334,"column":7}},"loc":{"start":{"line":334,"column":35},"end":{"line":342,"column":3}}},"22":{"name":"(anonymous_29)","decl":{"start":{"line":341,"column":21},"end":{"line":341,"column":22}},"loc":{"start":{"line":341,"column":31},"end":{"line":341,"column":65}}},"23":{"name":"(anonymous_30)","decl":{"start":{"line":350,"column":2},"end":{"line":350,"column":7}},"loc":{"start":{"line":350,"column":48},"end":{"line":385,"column":3}}},"24":{"name":"(anonymous_31)","decl":{"start":{"line":365,"column":27},"end":{"line":365,"column":28}},"loc":{"start":{"line":365,"column":40},"end":{"line":380,"column":7}}},"25":{"name":"(anonymous_32)","decl":{"start":{"line":391,"column":2},"end":{"line":391,"column":7}},"loc":{"start":{"line":391,"column":26},"end":{"line":397,"column":3}}},"26":{"name":"(anonymous_33)","decl":{"start":{"line":393,"column":21},"end":{"line":393,"column":31}},"loc":{"start":{"line":393,"column":45},"end":{"line":395,"column":5}}},"27":{"name":"(anonymous_34)","decl":{"start":{"line":406,"column":12},"end":{"line":406,"column":26}},"loc":{"start":{"line":406,"column":37},"end":{"line":410,"column":3}}},"28":{"name":"(anonymous_35)","decl":{"start":{"line":416,"column":12},"end":{"line":416,"column":17}},"loc":{"start":{"line":416,"column":31},"end":{"line":430,"column":3}}},"29":{"name":"(anonymous_36)","decl":{"start":{"line":438,"column":10},"end":{"line":438,"column":15}},"loc":{"start":{"line":438,"column":33},"end":{"line":444,"column":3}}},"30":{"name":"(anonymous_37)","decl":{"start":{"line":451,"column":10},"end":{"line":451,"column":15}},"loc":{"start":{"line":451,"column":52},"end":{"line":463,"column":3}}},"31":{"name":"(anonymous_38)","decl":{"start":{"line":469,"column":10},"end":{"line":469,"column":15}},"loc":{"start":{"line":469,"column":35},"end":{"line":482,"column":3}}},"32":{"name":"(anonymous_39)","decl":{"start":{"line":473,"column":44},"end":{"line":473,"column":45}},"loc":{"start":{"line":474,"column":6},"end":{"line":474,"column":35}}},"33":{"name":"(anonymous_40)","decl":{"start":{"line":478,"column":35},"end":{"line":478,"column":36}},"loc":{"start":{"line":478,"column":44},"end":{"line":478,"column":62}}},"34":{"name":"(anonymous_41)","decl":{"start":{"line":479,"column":29},"end":{"line":479,"column":30}},"loc":{"start":{"line":479,"column":38},"end":{"line":479,"column":47}}},"35":{"name":"getCacheData","decl":{"start":{"line":490,"column":16},"end":{"line":490,"column":28}},"loc":{"start":{"line":490,"column":44},"end":{"line":492,"column":1}}},"36":{"name":"getArweaveNetInfo","decl":{"start":{"line":498,"column":9},"end":{"line":498,"column":26}},"loc":{"start":{"line":498,"column":26},"end":{"line":500,"column":1}}}},"branchMap":{"0":{"loc":{"start":{"line":58,"column":38},"end":{"line":58,"column":43}},"type":"default-arg","locations":[{"start":{"line":58,"column":38},"end":{"line":58,"column":43}}]},"1":{"loc":{"start":{"line":60,"column":4},"end":{"line":63,"column":50}},"type":"if","locations":[{"start":{"line":60,"column":4},"end":{"line":63,"column":50}},{"start":{"line":60,"column":4},"end":{"line":63,"column":50}}]},"2":{"loc":{"start":{"line":65,"column":4},"end":{"line":65,"column":53}},"type":"if","locations":[{"start":{"line":65,"column":4},"end":{"line":65,"column":53}},{"start":{"line":65,"column":4},"end":{"line":65,"column":53}}]},"3":{"loc":{"start":{"line":79,"column":6},"end":{"line":81,"column":14}},"type":"switch","locations":[{"start":{"line":79,"column":6},"end":{"line":81,"column":14}},{"start":{"line":82,"column":6},"end":{"line":83,"column":45}}]},"4":{"loc":{"start":{"line":96,"column":4},"end":{"line":96,"column":52}},"type":"if","locations":[{"start":{"line":96,"column":4},"end":{"line":96,"column":52}},{"start":{"line":96,"column":4},"end":{"line":96,"column":52}}]},"5":{"loc":{"start":{"line":105,"column":4},"end":{"line":108,"column":19}},"type":"if","locations":[{"start":{"line":105,"column":4},"end":{"line":108,"column":19}},{"start":{"line":105,"column":4},"end":{"line":108,"column":19}}]},"6":{"loc":{"start":{"line":117,"column":4},"end":{"line":117,"column":70}},"type":"if","locations":[{"start":{"line":117,"column":4},"end":{"line":117,"column":70}},{"start":{"line":117,"column":4},"end":{"line":117,"column":70}}]},"7":{"loc":{"start":{"line":126,"column":4},"end":{"line":127,"column":47}},"type":"if","locations":[{"start":{"line":126,"column":4},"end":{"line":127,"column":47}},{"start":{"line":126,"column":4},"end":{"line":127,"column":47}}]},"8":{"loc":{"start":{"line":126,"column":8},"end":{"line":126,"column":34}},"type":"binary-expr","locations":[{"start":{"line":126,"column":8},"end":{"line":126,"column":34}},{"start":{"line":126,"column":38},"end":{"line":126,"column":73}}]},"9":{"loc":{"start":{"line":171,"column":4},"end":{"line":175,"column":null}},"type":"if","locations":[{"start":{"line":171,"column":4},"end":{"line":175,"column":null}},{"start":{"line":171,"column":4},"end":{"line":175,"column":null}}]},"10":{"loc":{"start":{"line":187,"column":4},"end":{"line":188,"column":65}},"type":"if","locations":[{"start":{"line":187,"column":4},"end":{"line":188,"column":65}},{"start":{"line":187,"column":4},"end":{"line":188,"column":65}}]},"11":{"loc":{"start":{"line":203,"column":4},"end":{"line":204,"column":65}},"type":"if","locations":[{"start":{"line":203,"column":4},"end":{"line":204,"column":65}},{"start":{"line":203,"column":4},"end":{"line":204,"column":65}}]},"12":{"loc":{"start":{"line":250,"column":39},"end":{"line":250,"column":41}},"type":"default-arg","locations":[{"start":{"line":250,"column":39},"end":{"line":250,"column":41}}]},"13":{"loc":{"start":{"line":275,"column":4},"end":{"line":275,"column":47}},"type":"if","locations":[{"start":{"line":275,"column":4},"end":{"line":275,"column":47}},{"start":{"line":275,"column":4},"end":{"line":275,"column":47}}]},"14":{"loc":{"start":{"line":324,"column":4},"end":{"line":324,"column":45}},"type":"if","locations":[{"start":{"line":324,"column":4},"end":{"line":324,"column":45}},{"start":{"line":324,"column":4},"end":{"line":324,"column":45}}]},"15":{"loc":{"start":{"line":369,"column":10},"end":{"line":378,"column":null}},"type":"if","locations":[{"start":{"line":369,"column":10},"end":{"line":378,"column":null}},{"start":{"line":369,"column":10},"end":{"line":378,"column":null}}]},"16":{"loc":{"start":{"line":370,"column":12},"end":{"line":372,"column":null}},"type":"if","locations":[{"start":{"line":370,"column":12},"end":{"line":372,"column":null}},{"start":{"line":370,"column":12},"end":{"line":372,"column":null}}]},"17":{"loc":{"start":{"line":407,"column":47},"end":{"line":407,"column":59}},"type":"cond-expr","locations":[{"start":{"line":407,"column":47},"end":{"line":407,"column":59}},{"start":{"line":407,"column":62},"end":{"line":407,"column":73}}]},"18":{"loc":{"start":{"line":423,"column":6},"end":{"line":425,"column":55}},"type":"if","locations":[{"start":{"line":423,"column":6},"end":{"line":425,"column":55}},{"start":{"line":423,"column":6},"end":{"line":425,"column":55}}]},"19":{"loc":{"start":{"line":423,"column":10},"end":{"line":423,"column":23}},"type":"binary-expr","locations":[{"start":{"line":423,"column":10},"end":{"line":423,"column":23}},{"start":{"line":423,"column":27},"end":{"line":423,"column":51}}]}},"s":{"0":1,"1":1,"2":1,"3":1,"4":1,"5":1,"6":1,"7":1,"8":1,"9":1,"10":1,"11":1,"12":1,"13":1,"14":1,"15":1,"16":0,"17":0,"18":1,"19":1,"20":0,"21":1,"22":1,"23":1,"24":1,"25":0,"26":0,"27":0,"28":0,"29":0,"30":0,"31":0,"32":0,"33":0,"34":1,"35":1,"36":1,"37":1,"38":1,"39":0,"40":0,"41":0,"42":0,"43":0,"44":0,"45":1,"46":1,"47":0,"48":0,"49":0,"50":0,"51":0,"52":0,"53":0,"54":0,"55":0,"56":0,"57":0,"58":0,"59":0,"60":0,"61":1,"62":1,"63":0,"64":0,"65":0,"66":2,"67":0,"68":2,"69":2,"70":2,"71":2,"72":2,"73":2,"74":2,"75":2,"76":1,"77":1,"78":1,"79":1,"80":0,"81":0,"82":0,"83":0,"84":0,"85":0,"86":0,"87":0,"88":1,"89":1,"90":0,"91":0,"92":0,"93":0,"94":0,"95":0,"96":0,"97":0,"98":0,"99":0,"100":0,"101":0,"102":0,"103":0,"104":0,"105":0,"106":0,"107":0,"108":0,"109":0,"110":0,"111":1,"112":1,"113":0,"114":0,"115":0,"116":0,"117":0,"118":0,"119":0,"120":0,"121":0,"122":0,"123":0,"124":0,"125":0,"126":0,"127":0,"128":0,"129":0,"130":0,"131":0,"132":0,"133":0,"134":0,"135":0,"136":0,"137":0,"138":0,"139":0,"140":1,"141":0,"142":1,"143":1,"144":1},"f":{"0":1,"1":1,"2":0,"3":0,"4":1,"5":1,"6":0,"7":0,"8":0,"9":1,"10":0,"11":0,"12":0,"13":0,"14":0,"15":1,"16":0,"17":0,"18":2,"19":1,"20":0,"21":1,"22":0,"23":0,"24":0,"25":0,"26":0,"27":1,"28":0,"29":0,"30":0,"31":0,"32":0,"33":0,"34":0,"35":0,"36":1},"b":{"0":[1],"1":[0,1],"2":[0,1],"3":[0,0],"4":[0,0],"5":[1,0],"6":[1,0],"7":[0,0],"8":[0,0],"9":[0,0],"10":[0,0],"11":[0,0],"12":[0],"13":[0,2],"14":[0,0],"15":[0,0],"16":[0,0],"17":[0,1],"18":[0,0],"19":[0,0]}}
}
