TN:
SF:src/common.ts
FN:47,(anonymous_7)
FN:58,(anonymous_8)
FN:77,(anonymous_9)
FN:95,(anonymous_10)
FN:104,(anonymous_11)
FN:116,(anonymous_12)
FN:124,(anonymous_13)
FN:134,(anonymous_14)
FN:143,(anonymous_15)
FN:151,(anonymous_16)
FN:161,(anonymous_17)
FN:170,(anonymous_18)
FN:186,(anonymous_19)
FN:202,(anonymous_20)
FN:219,(anonymous_21)
FN:234,(anonymous_22)
FN:250,(anonymous_23)
FN:265,(anonymous_24)
FN:274,(anonymous_25)
FN:291,(anonymous_26)
FN:307,(anonymous_27)
FN:334,(anonymous_28)
FN:341,(anonymous_29)
FN:350,(anonymous_30)
FN:365,(anonymous_31)
FN:391,(anonymous_32)
FN:393,(anonymous_33)
FN:406,(anonymous_34)
FN:416,(anonymous_35)
FN:438,(anonymous_36)
FN:451,(anonymous_37)
FN:469,(anonymous_38)
FN:473,(anonymous_39)
FN:478,(anonymous_40)
FN:479,(anonymous_41)
FN:490,getCacheData
FN:498,getArweaveNetInfo
FNF:37
FNH:11
FNDA:1,(anonymous_7)
FNDA:1,(anonymous_8)
FNDA:0,(anonymous_9)
FNDA:0,(anonymous_10)
FNDA:1,(anonymous_11)
FNDA:1,(anonymous_12)
FNDA:0,(anonymous_13)
FNDA:0,(anonymous_14)
FNDA:0,(anonymous_15)
FNDA:1,(anonymous_16)
FNDA:0,(anonymous_17)
FNDA:0,(anonymous_18)
FNDA:0,(anonymous_19)
FNDA:0,(anonymous_20)
FNDA:0,(anonymous_21)
FNDA:1,(anonymous_22)
FNDA:0,(anonymous_23)
FNDA:0,(anonymous_24)
FNDA:2,(anonymous_25)
FNDA:1,(anonymous_26)
FNDA:0,(anonymous_27)
FNDA:1,(anonymous_28)
FNDA:0,(anonymous_29)
FNDA:0,(anonymous_30)
FNDA:0,(anonymous_31)
FNDA:0,(anonymous_32)
FNDA:0,(anonymous_33)
FNDA:1,(anonymous_34)
FNDA:0,(anonymous_35)
FNDA:0,(anonymous_36)
FNDA:0,(anonymous_37)
FNDA:0,(anonymous_38)
FNDA:0,(anonymous_39)
FNDA:0,(anonymous_40)
FNDA:0,(anonymous_41)
FNDA:0,getCacheData
FNDA:1,getArweaveNetInfo
DA:1,1
DA:2,1
DA:4,1
DA:6,1
DA:7,1
DA:10,1
DA:11,1
DA:26,1
DA:27,1
DA:28,1
DA:29,1
DA:31,1
DA:40,1
DA:42,1
DA:43,1
DA:48,1
DA:60,1
DA:61,0
DA:62,0
DA:63,1
DA:65,1
DA:67,1
DA:68,1
DA:69,1
DA:70,1
DA:78,0
DA:80,0
DA:81,0
DA:83,0
DA:86,0
DA:87,0
DA:96,0
DA:97,0
DA:105,1
DA:106,1
DA:109,1
DA:117,1
DA:125,0
DA:126,0
DA:127,0
DA:128,0
DA:135,0
DA:144,0
DA:152,1
DA:153,1
DA:162,0
DA:171,0
DA:172,0
DA:177,0
DA:187,0
DA:188,0
DA:189,0
DA:194,0
DA:203,0
DA:204,0
DA:205,0
DA:210,0
DA:220,0
DA:226,0
DA:235,1
DA:241,1
DA:251,0
DA:257,0
DA:266,0
DA:275,2
DA:276,2
DA:277,2
DA:278,2
DA:279,2
DA:280,2
DA:281,2
DA:282,2
DA:283,2
DA:292,1
DA:293,1
DA:294,1
DA:295,1
DA:309,0
DA:310,0
DA:318,0
DA:319,0
DA:322,0
DA:324,0
DA:326,0
DA:335,1
DA:341,1
DA:353,0
DA:355,0
DA:356,0
DA:357,0
DA:365,0
DA:366,0
DA:368,0
DA:369,0
DA:370,0
DA:371,0
DA:374,0
DA:375,0
DA:376,0
DA:377,0
DA:381,0
DA:383,0
DA:392,0
DA:393,0
DA:394,0
DA:396,0
DA:407,1
DA:409,1
DA:418,0
DA:419,0
DA:421,0
DA:422,0
DA:423,0
DA:424,0
DA:425,0
DA:427,0
DA:429,0
DA:439,0
DA:443,0
DA:452,0
DA:459,0
DA:460,0
DA:461,0
DA:462,0
DA:470,0
DA:471,0
DA:472,0
DA:473,0
DA:474,0
DA:477,0
DA:478,0
DA:479,0
DA:481,0
DA:490,1
DA:491,0
DA:499,1
DA:502,1
LF:137
LH:51
BRDA:58,0,0,1
BRDA:60,1,0,0
BRDA:60,1,1,1
BRDA:65,2,0,0
BRDA:65,2,1,1
BRDA:79,3,0,0
BRDA:79,3,1,0
BRDA:96,4,0,0
BRDA:96,4,1,0
BRDA:105,5,0,1
BRDA:105,5,1,0
BRDA:117,6,0,1
BRDA:117,6,1,0
BRDA:126,7,0,0
BRDA:126,7,1,0
BRDA:126,8,0,0
BRDA:126,8,1,0
BRDA:171,9,0,0
BRDA:171,9,1,0
BRDA:187,10,0,0
BRDA:187,10,1,0
BRDA:203,11,0,0
BRDA:203,11,1,0
BRDA:250,12,0,0
BRDA:275,13,0,0
BRDA:275,13,1,2
BRDA:324,14,0,0
BRDA:324,14,1,0
BRDA:369,15,0,0
BRDA:369,15,1,0
BRDA:370,16,0,0
BRDA:370,16,1,0
BRDA:407,17,0,0
BRDA:407,17,1,1
BRDA:423,18,0,0
BRDA:423,18,1,0
BRDA:423,19,0,0
BRDA:423,19,1,0
BRF:38
BRH:7
end_of_record
